<?xml version="1.0" encoding="UTF-8"?>
<!-- Generated by org.testng.reporters.JUnitReportReporter -->
<testsuite hostname="DESKTOP-06A0VIV" failures="0" tests="4" name="IBM.RestAssuredAssignment.RestAssuredJavaClass" time="3.401" errors="0" timestamp="2021-06-01T16:45:20 IST" skipped="2">
  <testcase classname="IBM.RestAssuredAssignment.RestAssuredJavaClass" name="jsonbodyNested" time="3.323"/>
  <system-out/>
  <testcase classname="IBM.RestAssuredAssignment.RestAssuredJavaClass" name="jsonbodyNested" time="0.078"/>
  <system-out/>
  <testcase classname="IBM.RestAssuredAssignment.RestAssuredJavaClass" name="datasourceexample">
    <skipped/>
  </testcase> <!-- datasourceexample -->
  <system-out/>
  <testcase classname="IBM.RestAssuredAssignment.RestAssuredJavaClass" name="soapexample">
    <skipped/>
  </testcase> <!-- soapexample -->
  <system-out/>
</testsuite> <!-- IBM.RestAssuredAssignment.RestAssuredJavaClass -->
